<?xml version="1.0" encoding="UTF-8"?>
<!-- Generated by org.testng.reporters.JUnitReportReporter -->
<testsuite hostname="JKL029" failures="0" tests="1" name="com.gmail.testCases.TC_InboxPage" time="13.011" errors="0" timestamp="2024-07-01T11:05:21 IST" skipped="0">
  <testcase classname="com.gmail.testCases.TC_InboxPage" name="test_DelteEmails" time="13.011"/>
  <system-out/>
</testsuite> <!-- com.gmail.testCases.TC_InboxPage -->
