<?xml version="1.0" encoding="UTF-8"?>
<!-- Generated by org.testng.reporters.JUnitReportReporter -->
<testsuite hostname="JKL029" failures="0" tests="1" name="com.gmail.testCases.TC_Home" time="4.039" errors="0" timestamp="2024-06-27T17:00:46 IST" skipped="0">
  <testcase classname="com.gmail.testCases.TC_Home" name="test_HomePageElement" time="4.039"/>
  <system-out/>
</testsuite> <!-- com.gmail.testCases.TC_Home -->
