<?xml version="1.0" encoding="UTF-8"?>
<!-- Generated by org.testng.reporters.JUnitReportReporter -->
<testsuite hostname="JKL029" failures="0" tests="1" name="com.gmail.testCases.TC_InboxPage" time="30.699" errors="0" timestamp="2024-06-28T18:03:13 IST" skipped="0">
  <testcase classname="com.gmail.testCases.TC_InboxPage" name="test_DelteEmails" time="30.699"/>
  <system-out/>
</testsuite> <!-- com.gmail.testCases.TC_InboxPage -->
