<?xml version="1.0" encoding="UTF-8"?>
<!-- Generated by org.testng.reporters.JUnitReportReporter -->
<testsuite hostname="JKL029" failures="0" tests="1" name="com.gmail.testCases.TC_InboxPage" time="12.860" errors="0" timestamp="2024-06-27T19:41:57 IST" skipped="0">
  <testcase classname="com.gmail.testCases.TC_InboxPage" name="test_DelteEmails" time="12.860"/>
  <system-out/>
</testsuite> <!-- com.gmail.testCases.TC_InboxPage -->
